gpasm-1.3.1 (Jul  9 2013)    iic.asm            2013-9-30  14:43:54          PAGE  1


LOC  OBJECT CODE     LINE SOURCE TEXT
  VALUE

                      00001 ;--------------------------------------------------------
                      00002 ; File Created by SN-SDCC : ANSI-C Compiler
                      00003 ; Version 0.0.3 (Jul 18 2013) (MINGW32)
                      00004 ; This file was generated Mon Sep 30 14:43:53 2013
                      00005 ;--------------------------------------------------------
                      00006 ; MC3X port for the RISC core
                      00007 ;--------------------------------------------------------
                      00008 ;       .file   "iic.c"
                      00009         list    p=30p011
                      00010         radix dec
                      00011         include "mc30p011.inc"
                      00001                 LIST
                      00002 ;mc30p011.inc    Standard Header File, Version 1.00 by Sinomcu
                      00225                 LIST
                      00012 ;--------------------------------------------------------
                      00013 ; external declarations
                      00014 ;--------------------------------------------------------
                      00015 
                      00016         extern STK06
                      00017         extern STK05
                      00018         extern STK04
                      00019         extern STK03
                      00020         extern STK02
                      00021         extern STK01
                      00022         extern STK00
                      00023 ;--------------------------------------------------------
                      00024 ; global declarations
                      00025 ;--------------------------------------------------------
                      00026 
                      00027 ;--------------------------------------------------------
                      00028 ; global definitions
                      00029 ;--------------------------------------------------------
                      00030 ;--------------------------------------------------------
                      00031 ; absolute symbol definitions
                      00032 ;--------------------------------------------------------
                      00033 ;--------------------------------------------------------
                      00034 ; compiler-defined variables
                      00035 ;--------------------------------------------------------
                      00036 ;--------------------------------------------------------
                      00037 ; initialized data
                      00038 ;--------------------------------------------------------
                      00039 ;--------------------------------------------------------
                      00040 ; overlayable items in internal ram 
                      00041 ;--------------------------------------------------------
                      00042 ;       udata_ovr
                      00043 ;--------------------------------------------------------
                      00044 ; code
                      00045 ;--------------------------------------------------------
                      00046 code_iic        code
                      00047 
                      00048 ;       code size estimation:
                      00049 ;           0+    0 =     0 instructions (    0 byte)
                      00050 
                      00051         end
gpasm-1.3.1 (Jul  9 2013)    iic.asm            2013-9-30  14:43:54          PAGE  2


SYMBOL TABLE
  LABEL                             VALUE

BUZOUT                            00000005
C                                 00000000
DC                                00000001
DDR0                              00000045
DDR00                             00000000
DDR01                             00000001
DDR02                             00000002
DDR03                             00000003
DDR1                              00000046
DDR10                             00000000
DDR11                             00000001
DDR12                             00000002
DDR14                             00000004
DDR15                             00000005
DDR16                             00000006
DDR17                             00000007
EIS                               00000006
FSR                               00000004
GIE                               00000007
INDF                              00000000
INT0IE                            00000002
INT0IF                            00000002
INT0M                             00000006
INTECON                           0000000E
INTFLAG                           0000000F
KBIE                              00000001
KBIF                              00000001
KBIM                              00000009
KBIM0                             00000000
KBIM1                             00000001
KBIM2                             00000002
KBIM3                             00000003
KBIM4                             00000004
KBIM5                             00000005
KBIM6                             00000006
KBIM7                             00000007
MCR                               00000008
ODCON                             0000000C
P0                                00000005
P00                               00000000
P00PD                             00000000
P01                               00000001
P01PD                             00000001
P02                               00000002
P02PD                             00000002
P03                               00000003
P03PD                             00000003
P1                                00000006
P10                               00000000
P10OD                             00000000
P10PD                             00000004
P10PU                             00000000
P11                               00000001
P11OD                             00000001
P11PD                             00000005
P11PU                             00000001
P12                               00000002
P12OD                             00000002
P12PD                             00000006
P12PU                             00000002
P13                               00000003
P14                               00000004
P14OD                             00000004
P14PU                             00000004
P15                               00000005
P15OD                             00000005
P15PU                             00000005
P16                               00000006
P16OD                             00000006
P16PU                             00000006
P17                               00000007
P17OD                             00000007
P17PU                             00000007
PCL                               00000002
PCLATH                            0000000A
PD                                00000003
PDCON                             0000000B
PUCON                             0000000D
PWMOUT                            00000006
RST                               00000007
STATUS                            00000003
STK00                             00000000
STK01                             00000000
STK02                             00000000
STK03                             00000000
STK04                             00000000
STK05                             00000000
STK06                             00000000
T0CNT                             00000001
T0CR                              00000041
T0IE                              00000000
T0IF                              00000000
T0PTA                             00000003
T0PTS                             00000005
T0SE                              00000004
T1CNT                             0000004D
T1CR                              0000004C
T1DATA                            0000004F
T1IE                              00000001
T1IF                              00000000
T1LOAD                            0000004E
TBS                               00000007
TMCR                              0000004B
TMR1EN                            00000007
TO                                00000004
WDTEN                             00000007
Z                                 00000002
_CONFIG0                          00002000
_CONFIG1                          00002001
_CP_ALL                           00001FFF
_FCPU_2T                          00003F7F
_FCPU_4T                          00003FFF
_IRC_1M                           00003FCF
_IRC_2M                           00003FDF
_IRC_444K                         00003FAF
_IRC_4M                           00003FEF
_IRC_8M                           00003FFF
_MCLR_OFF                         00003FF7
_MCLR_ON                          00003FFF
_OSC_HXT                          00002FFF
_OSC_IRC                          000037FF
_OSC_IRC_RTC                      00003FFF
_OSC_LXT                          000027FF
_PWRT_OFF                         00003BFF
_PWRT_ON                          00003FFF
_RD_FROM_PIN                      00003FFF
_RD_FROM_REG                      00003EFF
_SMT_OFF                          00003FFF
_SMT_ON                           00003DFF
_TWDT_18MS                        00003FFF
_TWDT_288MS                       00003DFF
_TWDT_4P5MS                       00003EFF
_TWDT_72MS                        00003CFF
_VBOR_15                          00003FF8
_VBOR_18                          00003FF9
_VBOR_20                          00003FFA
_VBOR_22                          00003FFB
_VBOR_24                          00003FFC
_VBOR_26                          00003FFD
_VBOR_30                          00003FFE
_VBOR_36                          00003FFF
_WDT_OFF                          000037FF
_WDT_ON                           00003FFF
__30P011                          00000001

Errors   :     0
Warnings :     0 reported,     0 suppressed
Messages :     0 reported,     0 suppressed

