gpasm-1.4.1_beta1 (Oct 15 2013)main.asm           2013-11-21  15:44:04         PAGE  1


LOC  OBJECT CODE     LINE SOURCE TEXT
  VALUE

                      00001 ;--------------------------------------------------------
                      00002 ; File Created by SN-SDCC : ANSI-C Compiler
                      00003 ; Version 0.0.4 (Nov 20 2013) (MINGW32)
                      00004 ; This file was generated Thu Nov 21 15:44:03 2013
                      00005 ;--------------------------------------------------------
                      00006 ; MC3X port for the RISC core
                      00007 ;--------------------------------------------------------
                      00008 ;       .file   "main.c"
                      00009         list    p=32p21
                      00010         radix dec
                      00011         include "mc32p21.inc"
                      00001                 LIST
                      00002 ;mc32p21.inc    Standard Header File, Version 1.00 by Sinomcu
                      00261                 LIST
                      00012 ;--------------------------------------------------------
                      00013 ; external declarations
                      00014 ;--------------------------------------------------------
                      00015         extern  _STATUSbits
                      00016         extern  _MCRbits
                      00017         extern  _INTEbits
                      00018         extern  _INTFbits
                      00019         extern  _IOP0bits
                      00020         extern  _OEP0bits
                      00021         extern  _PUP0bits
                      00022         extern  _ANSELbits
                      00023         extern  _IOP1bits
                      00024         extern  _OEP1bits
                      00025         extern  _PUP1bits
                      00026         extern  _KBIMbits
                      00027         extern  _T0CRbits
                      00028         extern  _T1CRbits
                      00029         extern  _T2CRbits
                      00030         extern  _OSCMbits
                      00031         extern  _ADCR0bits
                      00032         extern  _ADCR1bits
                      00033         extern  _INDF
                      00034         extern  _INDF0
                      00035         extern  _INDF1
                      00036         extern  _INDF2
                      00037         extern  _HIBYTE
                      00038         extern  _FSR
                      00039         extern  _FSR0
                      00040         extern  _FSR1
                      00041         extern  _PCL
                      00042         extern  _STATUS
                      00043         extern  _MCR
                      00044         extern  _INDF3
                      00045         extern  _INTE
                      00046         extern  _INTF
                      00047         extern  _IOP0
                      00048         extern  _OEP0
                      00049         extern  _PUP0
                      00050         extern  _ANSEL
                      00051         extern  _IOP1
                      00052         extern  _OEP1
                      00053         extern  _PUP1
                      00054         extern  _KBIM
                      00055         extern  _T0CR
                      00056         extern  _T0CNT
                      00057         extern  _T0LOAD
                      00058         extern  _T0DATA
                      00059         extern  _T1CR
                      00060         extern  _T1CNT
                      00061         extern  _T1LOAD
                      00062         extern  _T1DATA
                      00063         extern  _OSCM
                      00064         extern  _ADCR0
                      00065         extern  _ADCR1
                      00066         extern  _ADRH
                      00067         extern  _ADRL
                      00068         extern  _OSCAL
                      00069         extern  _T2CR
                      00070         extern  _T2CNT
                      00071         extern  _T2LOAD
                      00072         extern  __sdcc_gsinit_startup
                      00073 ;--------------------------------------------------------
                      00074 ; global declarations
                      00075 ;--------------------------------------------------------
                      00076         global  _main
                      00077 
                      00078         global STK06
                      00079         global STK05
                      00080         global STK04
                      00081         global STK03
                      00082         global STK02
                      00083         global STK01
                      00084         global STK00
                      00085 
                      00086 sharebank udata_ovr 0x0000
0000                  00087 STK06   res 1
0000                  00088 STK05   res 1
0001                  00089 STK04   res 1
0001                  00090 STK03   res 1
0002                  00091 STK02   res 1
0002                  00092 STK01   res 1
0003                  00093 STK00   res 1
                      00094 
                      00095 ;--------------------------------------------------------
                      00096 ; global definitions
                      00097 ;--------------------------------------------------------
                      00098 ;--------------------------------------------------------
                      00099 ; absolute symbol definitions
                      00100 ;--------------------------------------------------------
                      00101 ;--------------------------------------------------------
                      00102 ; compiler-defined variables
                      00103 ;--------------------------------------------------------
                      00104 ;--------------------------------------------------------
                      00105 ; initialized data
                      00106 ;--------------------------------------------------------
                      00107 ;--------------------------------------------------------
                      00108 ; overlayable items in internal ram 
                      00109 ;--------------------------------------------------------
                      00110 ;       udata_ovr
                      00111 ;--------------------------------------------------------
                      00112 ; reset vector 
                      00113 ;--------------------------------------------------------
                      00114 STARTUP code 0x0000
0000   A000           00115         goto    __sdcc_gsinit_startup
                      00116 ;--------------------------------------------------------
                      00117 ; code
                      00118 ;--------------------------------------------------------
                      00119 code_main       code
                      00120 ;***
                      00121 ;  pBlock Stats: dbName = M
                      00122 ;***
                      00123 ;entry:  _main  ;Function start
                      00124 ; 2 exit points
                      00125 ;has an exit
                      00126 ;; Starting pCode block
0000                  00127 _main   ;Function start
                      00128 ; 2 exit points
0000                  00129 _00106_DS_
                      00130 ;       .line   11; "main.c"    while(1)
0000   A000           00131         GOTO    _00106_DS_
0001   000C           00132         RETURN  
                      00133 ; exit point of _main
                      00134 
                      00135 
                      00136 ;       code size estimation:
                      00137 ;           2+    0 =     2 instructions (    4 byte)
                      00138 
                      00139         end
gpasm-1.4.1_beta1 (Oct 15 2013)main.asm           2013-11-21  15:44:04         PAGE  2


SYMBOL TABLE
  LABEL                             VALUE

ADCR0                             000001B0
ADCR1                             000001B1
ADEOC                             00000001
ADIE                              00000006
ADIF                              00000006
ADON                              00000000
ADRH                              000001B4
ADRL                              000001B5
ANSEL                             00000193
BUZ0OE                            00000005
BUZ1OE                            00000005
C                                 00000000
CLKS                              00000002
DC                                00000001
FSR                               00000184
FSR0                              00000184
FSR1                              00000185
GIE                               00000007
HFEN                              00000000
HIBYTE                            00000183
INDF                              00000180
INDF0                             00000180
INDF1                             00000181
INDF2                             00000182
INDF3                             00000189
INT0IE                            00000002
INT0IF                            00000002
INT1IE                            00000003
INT1IF                            00000003
INTE                              0000018A
INTF                              0000018B
IOP0                              00000190
IOP1                              00000194
KBIE                              00000004
KBIF                              00000004
KBIM                              00000197
KBIM0                             00000000
KBIM1                             00000001
KBIM2                             00000002
KBIM3                             00000003
KBIM4                             00000004
KBIM5                             00000005
KBIM6                             00000006
LFEN                              00000001
LVDCR                             000001AD
LVDEN                             00000007
LVDF                              00000000
MCR                               00000188
OEP0                              00000191
OEP1                              00000195
OSCAL                             000001FB
OSCM                              000001AE
P00                               00000000
P00ANS                            00000000
P00OE                             00000000
P00PU                             00000000
P01                               00000001
P01ANS                            00000001
P01OE                             00000001
P01PU                             00000001
P02                               00000002
P02ANS                            00000002
P02OE                             00000002
P02PU                             00000002
P03                               00000003
P03ANS                            00000003
P03OE                             00000003
P03PU                             00000003
P04                               00000004
P04ANS                            00000004
P04OE                             00000004
P04PU                             00000004
P10                               00000000
P10OE                             00000000
P10PU                             00000000
P11                               00000001
P11OE                             00000001
P11PU                             00000001
P12                               00000002
P12ANS                            00000005
P12OE                             00000002
P12PU                             00000002
P13                               00000003
P13ANS                            00000006
P13OE                             00000003
P13PU                             00000003
P14                               00000004
P14OE                             00000004
P14PU                             00000004
P15                               00000005
P15OE                             00000005
P15PU                             00000005
P16                               00000006
P16OE                             00000006
P16PU                             00000006
PCL                               00000186
PD                                00000004
PUP0                              00000192
PUP1                              00000196
PWM0OE                            00000006
PWM1OE                            00000006
STATUS                            00000187
STBH                              00000004
STBL                              00000005
STK00                             00000006
STK01                             00000005
STK02                             00000004
STK03                             00000003
STK04                             00000002
STK05                             00000001
STK06                             00000000
T0CNT                             000001A1
T0CR                              000001A0
T0DATA                            000001A3
T0IE                              00000000
T0IF                              00000000
T0LOAD                            000001A2
T1CNT                             000001A5
T1CR                              000001A4
T1DATA                            000001A7
T1IE                              00000001
T1IF                              00000001
T1LOAD                            000001A6
TC0EN                             00000007
TC1EN                             00000007
TO                                00000005
Z                                 00000002
_00106_DS_                        00000000
_ADCR0                            00000000
_ADCR0bits                        00000000
_ADCR1                            00000000
_ADCR1bits                        00000000
_ADRH                             00000000
_ADRL                             00000000
_ANSEL                            00000000
_ANSELbits                        00000000
_CONFIG0                          00008000
_CONFIG1                          00008001
_CP_ALL                           00007FFF
_FCPU_128T                        0000FFEF
_FCPU_16T                         0000FFBF
_FCPU_256T                        0000FFFF
_FCPU_2T                          0000FF8F
_FCPU_32T                         0000FFCF
_FCPU_4T                          0000FF9F
_FCPU_64T                         0000FFDF
_FCPU_8T                          0000FFAF
_FSR                              00000000
_FSR0                             00000000
_FSR1                             00000000
_HIBYTE                           00000000
_HRC_LRC                          0000FCFF
_HRC_LXT                          0000FDFF
_HXT_LRC                          0000FEFF
_INDF                             00000000
_INDF0                            00000000
_INDF1                            00000000
_INDF2                            00000000
_INDF3                            00000000
_INTE                             00000000
_INTEbits                         00000000
_INTF                             00000000
_INTFbits                         00000000
_IOP0                             00000000
_IOP0bits                         00000000
_IOP1                             00000000
_IOP1bits                         00000000
_KBIM                             00000000
_KBIMbits                         00000000
_MCLR_OFF                         0000FF7F
_MCLR_ON                          0000FFFF
_MCR                              00000000
_MCRbits                          00000000
_OEP0                             00000000
_OEP0bits                         00000000
_OEP1                             00000000
_OEP1bits                         00000000
_OSCAL                            00000000
_OSCM                             00000000
_OSCMbits                         00000000
_PCL                              00000000
_PTWRT_16_1024                    0000FFF7
_PTWRT_16_16                      0000DFF7
_PTWRT_256_256                    0000DFFF
_PTWRT_256_4096                   0000FFFF
_PTWRT_4_4                        0000DFF3
_PTWRT_4_512                      0000FFF3
_PTWRT_64_2048                    0000FFFB
_PTWRT_64_64                      0000DFFB
_PUP0                             00000000
_PUP0bits                         00000000
_PUP1                             00000000
_PUP1bits                         00000000
_STATUS                           00000000
_STATUSbits                       00000000
_T0CNT                            00000000
_T0CR                             00000000
_T0CRbits                         00000000
_T0DATA                           00000000
_T0LOAD                           00000000
_T1CNT                            00000000
_T1CR                             00000000
_T1CRbits                         00000000
_T1DATA                           00000000
_T1LOAD                           00000000
_T2CNT                            00000000
_T2CR                             00000000
_T2CRbits                         00000000
_T2LOAD                           00000000
_VLVR_160                         0000E3FF
_VLVR_185                         0000E7FF
_VLVR_205                         0000EBFF
_VLVR_218                         0000EFFF
_VLVR_232                         0000F3FF
_VLVR_245                         0000F7FF
_VLVR_305                         0000FBFF
_VLVR_360                         0000FFFF
_WDT_ALWAYS_OFF                   0000FFFC
_WDT_ALWAYS_ON                    0000FFFF
_WDT_SLEEP_OFF                    0000FFFD
__32P21                           00000001
__sdcc_gsinit_startup             00000000
_main                             00000000

Errors   :     0
Warnings :     0 reported,     0 suppressed
Messages :     0 reported,     0 suppressed

