L 1					; C Compiler for MC68HC05 (COSMIC Software)
L 2					; Generator V4.1n - 19 Jul 2001
L 3					; Optimizer V4.1n - 19 Jul 2001
L 4					; 3 @interrupt void SWI_ISR(void)
L 5					; 4 {
L 6						xref.b	_SWI_ISR.L
L 7						switch	.text
L 8					1003               _SWI_ISR:
L 9					; 5 }
L 10	[1]	1003	80            	rti	
L 11					; 7 @interrupt void INT1_ISR(void)
L 12					; 8 {
L 13						xref.b	_INT1_ISR.L
L 14						switch	.text
L 15					1004               _INT1_ISR:
L 16					; 10 }
L 17	[1]	1004	80            	rti	
L 18					; 12 @interrupt void PWMINT_ISR(void)
L 19					; 13 {
L 20						xref.b	_PWMINT_ISR.L
L 21						switch	.text
L 22					1005               _PWMINT_ISR:
L 23					; 15 }
L 24	[1]	1005	80            	rti	
L 25					; 16 @nosvf @interrupt void T0INT_ISR(void)
L 26					; 17 {  	   	
L 27						xref.b	_T0INT_ISR.L
L 28						switch	.text
L 29					1006               _T0INT_ISR:
L 30					; 19 }
L 31	[1]	1006	80            	rti	
L 32					; 21 @interrupt void INT0_ISR(void)
L 33					; 22 {
L 34						xref.b	_INT0_ISR.L
L 35						switch	.text
L 36					1007               _INT0_ISR:
L 37					; 24 }
L 38	[1]	1007	80            	rti	
L 39					; 4   void funtion001(unsigned char aa,unsigned char bb)
L 40					; 5   {
L 41						xref.b	_funtion001.L
L 42						switch	.text
L 43					1008               _funtion001:
L 44					; 8     if(aa==bb)
L 45	[1]	1008	b13b          	cmp	_funtion001.L+1
L 46					; 11         NOP();
L 47					; 14         NOP();
L 48	[1]	100a	9d            	nop	
L 49					; 16   }
L 50	[1]	100b	81            	rts	
L 51					; 8 void initial()
L 52					; 9 {
L 53						switch	.text
L 54					100c               _initial:
L 55					; 10     SEI(); //disable enterrupt 
L 56	[1]	100c	9b            	sei	
L 57					; 11     RSP(); //调用子程序中不能清堆栈指针，否则含数将无法返回。
L 58	[1]	100d	9c            	rsp	
L 59					; 14     temp[0] = 0x55;
L 60	[1]	100e	a655          	lda	#85
L 61	[1]	1010	b734          	sta	_temp
L 62					; 15 }
L 63	[1]	1012	81            	rts	
L 64					; 17 void main(void)
L 65					; 18 {
L 66						xref.b	_main.L
L 67						switch	.text
L 68					1013               _main:
L 69					; 20     RSP(); //只能在主程序中清，调用子程序中不能清堆栈指针，否则含数将无法返回。
L 70	[1]	1013	9c            	rsp	
L 71					; 21     initial();
L 72	[1]	1014	adf6          	jsr	_initial
L 73					; 22    	a = 5;
L 74	[1]	1016	a605          	lda	#5
L 75					; 23    	a = a*5;
L 76	[1]	1018	97            	tax	
L 77	[1]	1019	42            	mul	
L 78	[1]	101a	b739          	sta	_main.L-1
L 79					101c               L1421:
L 80					; 26         a++;
L 81	[1]	101c	3c39          	inc	_main.L-1
L 82					; 27         funtion001(4,4);
L 83	[1]	101e	a604          	lda	#4
L 84	[1]	1020	b73b          	sta	_funtion001.L+1
L 85	[1]	1022	ade4          	jsr	_funtion001
L 86	[1]	1024	20f6          	bra	L1421
L 87						xdef	_main
L 88						xdef	_initial
L 89						xdef	_funtion001
L 90						switch	.ubsct
L 91					0034               _temp:
L 92	[1]	0034	0000000000    	ds.b	5
L 93						xdef	_temp
L 94						xdef	_INT0_ISR
L 95						xdef	_T0INT_ISR
L 96						xdef	_PWMINT_ISR
L 97						xdef	_INT1_ISR
L 98						xdef	_SWI_ISR
L 99						xref.b	_funtion001.L
L 100						end
