L 1					; C Compiler for MC68HC05 (COSMIC Software)
L 2					; Generator V4.1n - 19 Jul 2001
L 3					; Optimizer V4.1n - 19 Jul 2001
L 4					; 2 @nosvf @interrupt void SWI_ISR(void)
L 5					; 3 	{
L 6						xref.b	_SWI_ISR.L
L 7						switch	.text
L 8					1003               _SWI_ISR:
L 9					; 5 	}
L 10	[1]	1003	80            	rti	
L 11					; 7 @nosvf @interrupt void INT1_ISR(void)
L 12					; 8 	{
L 13						xref.b	_INT1_ISR.L
L 14						switch	.text
L 15					1004               _INT1_ISR:
L 16					; 10 	}
L 17	[1]	1004	80            	rti	
L 18					; 12 @nosvf @interrupt void INT0_ISR(void)
L 19					; 13 	{
L 20						xref.b	_INT0_ISR.L
L 21						switch	.text
L 22					1005               _INT0_ISR:
L 23					; 15 	}
L 24	[1]	1005	80            	rti	
L 25					; 17 @nosvf @interrupt void T0INT_ISR(void)
L 26					; 18 	{	
L 27						xref.b	_T0INT_ISR.L
L 28						switch	.text
L 29					1006               _T0INT_ISR:
L 30					; 20 	}
L 31	[1]	1006	80            	rti	
L 32					; 22 @nosvf @interrupt void PWMINT_ISR(void)
L 33					; 23 	{
L 34						xref.b	_PWMINT_ISR.L
L 35						switch	.text
L 36					1007               _PWMINT_ISR:
L 37					; 25 	}
L 38	[1]	1007	80            	rti	
L 39					; 8 void main()
L 40					; 9 {
L 41						switch	.text
L 42					1008               _main:
L 43					; 12 }
L 44	[1]	1008	81            	rts	
L 45						xdef	_main
L 46						xdef	_PWMINT_ISR
L 47						xdef	_T0INT_ISR
L 48						xdef	_INT0_ISR
L 49						xdef	_INT1_ISR
L 50						xdef	_SWI_ISR
L 51						end
