gpasm-1.7.0_beta1 (Mar 26 2015)mc34p01.asm        2015-4-13  15:52:15          PAGE  1


LOC  OBJECT CODE     LINE SOURCE TEXT
  VALUE

                      00001 
                      00002 
                      00003     org 0x3ff
03FF   1400           00004     goto        main
                      00005     org 0x0
0000   1400           00006     goto    main
                      00007     
                      00008     
                      00009     
0001                  00010 main:
0001   04AA           00011      movai   0xaa
0002   0090           00012      movra   0x10
0003   04FF           00013      movai   0xff
0004   0410           00014      movai   0x10
0005   0091           00015      movra   0x11
0006   0F91           00016      addar   0x11
0007   0FE2           00017      addra   0x22
0008   0891           00018      adcar   0x11
0009   08E2           00019      adcra   0x22
000A   0A11           00020      rsubar  0x11
000B   0A62           00021      rsubra  0x22
000C   0811           00022      rsbcar  0x11
000D   0862           00023      rsbcra  0x22
000E   0006           00024      daa
000F   0007           00025      dsa
                      00026      
0010   1400           00027      GOTO    main
                      00028      
                      00029      en
gpasm-1.7.0_beta1 (Mar 26 2015)mc34p01.asm        2015-4-13  15:52:15          PAGE  2


SYMBOL TABLE
  LABEL                             VALUE

__34P01                           00000001
main                              00000001

Errors   :     0
Warnings :     0 reported,     0 suppressed
Messages :     0 reported,     0 suppressed

