L 1					; C Compiler for MC68HC05 (COSMIC Software)
L 2					; Generator V4.1n - 19 Jul 2001
L 3					; Optimizer V4.1n - 19 Jul 2001
L 4					; 7 @nosvf @interrupt void SWI_ISR(void)
L 5					; 8 {
L 6						xref.b	_SWI_ISR.L
L 7						switch	.text
L 8					2003               _SWI_ISR:
L 9					; 10 }
L 10	[1]	2003	80            	rti	
L 11					; 12 @nosvf @interrupt void CMP2I_ISR(void)
L 12					; 13 {
L 13						xref.b	_CMP2I_ISR.L
L 14						switch	.text
L 15					2004               _CMP2I_ISR:
L 16					; 15 }
L 17	[1]	2004	80            	rti	
L 18					; 17 @nosvf @interrupt void INT_ISR(void)
L 19					; 18 {
L 20						xref.b	_INT_ISR.L
L 21						switch	.text
L 22					2005               _INT_ISR:
L 23					; 20 }
L 24	[1]	2005	80            	rti	
L 25					; 22 @nosvf @interrupt void LVDINT_ISR(void)
L 26					; 23 {
L 27						xref.b	_LVDINT_ISR.L
L 28						switch	.text
L 29					2006               _LVDINT_ISR:
L 30					; 25 }
L 31	[1]	2006	80            	rti	
L 32					; 27 @nosvf @interrupt void CMP1I_ISR(void)
L 33					; 28 {
L 34						xref.b	_CMP1I_ISR.L
L 35						switch	.text
L 36					2007               _CMP1I_ISR:
L 37					; 30 }
L 38	[1]	2007	80            	rti	
L 39					; 32 @nosvf @interrupt void TMI0_ISR(void)
L 40					; 33 {
L 41						xref.b	_TMI0_ISR.L
L 42						switch	.text
L 43					2008               _TMI0_ISR:
L 44					; 35 }
L 45	[1]	2008	80            	rti	
L 46					; 37 @nosvf @interrupt void TMI1_ISR(void)
L 47					; 38 {
L 48						xref.b	_TMI1_ISR.L
L 49						switch	.text
L 50					2009               _TMI1_ISR:
L 51					; 40 }
L 52	[1]	2009	80            	rti	
L 53					; 42 @nosvf @interrupt void TMI2_ISR(void)
L 54					; 43 {
L 55						xref.b	_TMI2_ISR.L
L 56						switch	.text
L 57					200a               _TMI2_ISR:
L 58					; 45 }
L 59	[1]	200a	80            	rti	
L 60					; 9 void main()
L 61					; 10 {
L 62						switch	.text
L 63					200b               _main:
L 64	[1]	200b	a6aa          	lda	#170
L 65					200d               L7702:
L 66					; 13         Quotient = 170;
L 67	[1]	200d	b744          	sta	_Quotient
L 68	[1]	200f	20fc          	bra	L7702
L 69						xdef	_main
L 70						switch	.ubsct
L 71					0044               _Quotient:
L 72	[1]	0044	00            	ds.b	1
L 73						xdef	_Quotient
L 74						xdef	_TMI2_ISR
L 75						xdef	_TMI1_ISR
L 76						xdef	_TMI0_ISR
L 77						xdef	_CMP1I_ISR
L 78						xdef	_LVDINT_ISR
L 79						xdef	_INT_ISR
L 80						xdef	_CMP2I_ISR
L 81						xdef	_SWI_ISR
L 82						end
