gplink-1.7.0_beta1 (Nov 26 2015)
Listing File Generated: 2016-1-28  14:27:27
 
 
Address  Value    Disassembly              Source
-------  -----    -----------              ------
                                           
                                           
                                           IOP0    EQU 0x1c0
                                           OEP0    EQU 0X1C1
                                           IOP2    EQU 0X1C8
                                           OEP2    EQU 0X1C9
                                           
                                               org 0x00
000000   a001     goto    0x1                  goto    main
                                                  
                                                  
                                                  
                                           main:
000001   3c55     movai   0x55                 movai   0x55
000002   5600     movra   0                    movra   0x00
000003   5601     movra   0x1                  movra   0x01
000004   5650     movra   0x50                 movra   0x50    ;µº»Îµÿ÷∑
000005   57c0     movra   0x1c0                movra   IOP0
000006   57c1     movra   0x1c1                movra   OEP0
                                           
                                           loop:
000007   73c0     comr    0x1c0                comr    IOP0
000008   a007     goto    0x7                  goto    loop
                                               ;lcall  loop
                                                  
                                                  
                                                  
                                               org      0x3f00
003f00   3caa     movai   0xaa                 movai    0xaa
003f01   5640     movra   0x40                 movra    0x40
                                                  
                                            
                                               end      


MEMORY USAGE MAP ('X' = Used,  '-' = Unused)

0000 : XXXXXXXXXXXXXXXX XX-------------- ---------------- ----------------
7E00 : XXXX------------ ---------------- ---------------- ----------------

All other memory blocks unused.

Program Memory Words Used:    11

