L 1					; C Compiler for MC68HC05 (COSMIC Software)
L 2					; Generator V4.1n - 19 Jul 2001
L 3					; Optimizer V4.1n - 19 Jul 2001
L 4					; 2 @nosvf @interrupt void SWI_ISR(void)
L 5					; 3 	{
L 6						xref.b	_SWI_ISR.L
L 7						switch	.text
L 8					180d               _SWI_ISR:
L 9					; 5 	}
L 10	[1]	180d	80            	rti	
L 11					; 7 @nosvf @interrupt void INT1_ISR(void)
L 12					; 8 	{
L 13						xref.b	_INT1_ISR.L
L 14						switch	.text
L 15					180e               _INT1_ISR:
L 16					; 10 	}
L 17	[1]	180e	80            	rti	
L 18					; 12 @nosvf @interrupt void INT0_ISR(void)
L 19					; 13 	{
L 20						xref.b	_INT0_ISR.L
L 21						switch	.text
L 22					180f               _INT0_ISR:
L 23					; 14         	  	P1=~P1;
L 24	[1]	180f	3304          	com	_p1
L 25					; 15 	}
L 26	[1]	1811	80            	rti	
L 27					; 17 @nosvf @interrupt void TMI_ISR(void)
L 28					; 18 	{	
L 29						xref.b	_TMI_ISR.L
L 30						switch	.text
L 31					1812               _TMI_ISR:
L 32					; 20 	}
L 33	[1]	1812	80            	rti	
L 34					; 22 @nosvf @interrupt void KBI_ISR(void)
L 35					; 23 	{
L 36						xref.b	_KBI_ISR.L
L 37						switch	.text
L 38					1813               _KBI_ISR:
L 39					; 25 	}
L 40	[1]	1813	80            	rti	
L 41					; 27 @nosvf @interrupt void WDTI_ISR(void)
L 42					; 28 	{
L 43						xref.b	_WDTI_ISR.L
L 44						switch	.text
L 45					1814               _WDTI_ISR:
L 46					; 30 	}
L 47	[1]	1814	80            	rti	
L 48					; 5 void main()
L 49					; 6 {
L 50						xref.b	_main.L
L 51						switch	.text
L 52					1815               _main:
L 53					; 9     i=0;
L 54	[1]	1815	3fcc          	clr	_main.L-1
L 55					1817               L7631:
L 56					; 12         read_buff[i] = i;
L 57	[1]	1817	becc          	ldx	_main.L-1
L 58	[1]	1819	efc4          	stx	_main.L-9,x
L 59					; 13      i=~i;
L 60	[1]	181b	33cc          	com	_main.L-1
L 61	[1]	181d	20f8          	bra	L7631
L 62						xdef	_main
L 63						xdef	_WDTI_ISR
L 64						xdef	_KBI_ISR
L 65						xdef	_TMI_ISR
L 66						xdef	_INT0_ISR
L 67						xdef	_INT1_ISR
L 68						xdef	_SWI_ISR
L 69						end
