gplink-1.6.1 (Jan 23 2014)
Listing File Generated: 2014-6-16  18:09:53
 
 
Address  Value    Disassembly              Source
-------  -----    -----------              ------
                                           #include mc33p116.inc
                                           
                                           
                                           ;mc33p116 header file 
                                           
                                           
                                           ;define must write at first row
                                                  
                                           INDF0   EQU     0X01B0
                                           INDF1   EQU     0X01B1
                                           INDF2   EQU     0X01B2
                                           HIBYTE  EQU     0X01B3
                                           FSR0    EQU     0X01B4
                                           FSR1    EQU     0X1B5
                                           PCL     EQU     0X1B6
                                           PFLAG   EQU     0X1B7
                                           MCR     EQU     0X1B8
                                           INDF3   EQU     0X1B9   
                                           INTE    EQU     0X1BA
                                           INTFLAG EQU     0X1BB
                                           OSCM    EQU     0X1BC
                                           LVDCR   EQU     0X1BD  ;
                                           LXTCR   EQU     0X1BE  ;
                                           LXTCP   EQU     0X1BF  ;
                                           IOP0    EQU     0X1C0
                                           OEP0    EQU     0X1C1
                                           PUP0    EQU     0X1C2
                                           DKWP0   EQU     0X1C3  ;
                                           IOP1    EQU     0X1C4
                                           OEP1    EQU     0X1C5
                                           PUP1    EQU     0X1C6
                                           LCDIOSP1 EQU    0X1C7 ;
                                           IOP2    EQU     0X1C8
                                           OEP2    EQU     0X1C9
                                           PUP2    EQU     0X1CA
                                           LCDIOSP2 EQU    0X1CB ;
                                           IOP3    EQU     0X1CC
                                           OEP3    EQU     0X1CD
                                           PUP3    EQU     0X1CE
                                           LCDIOSP3 EQU    0X1CF ;
                                           IOP4    EQU     0X1D0	 ;
                                           OEP4    EQU     0X1D1  ;
                                           PUP4    EQU     0X1D2  ;
                                           LCDIOSP4 EQU    0X1D3 ;
                                           IOP5    EQU     0X1D4  ;
                                           OEP5    EQU     0X1D5  ;
                                           PUP5    EQU     0X1D6  ;
                                           LCDIOSP5 EQU    0X1D7 ;
                                           
                                           
                                           T0CR0    EQU     0X1D8  ;
                                           T0CR1    EQU     0X1D9  ;
                                           T0LOADH  EQU     0X1DC  ;
                                           T0LOADL  EQU     0X1DD  ;
                                           T0DATAH  EQU     0X1DE  ;
                                           T0DATAL  EQU     0X1DF  ;
                                           T0LATRH  EQU     0X1E0  ;
                                           T0LATRL  EQU     0X1E1  ;
                                           T0LATFH  EQU     0X1E2  ;
                                           T0LATFL  EQU     0X1E3  ;
                                           
                                           T1CR     EQU     0X1E4  ;
                                           T1DATA   EQU     0X1E5  ;
                                           T1LOAD   EQU     0X1E6  ;
                                           
                                           ADCR0   EQU     0X1E8  ;
                                           ADCR1   EQU     0X1E9  ;
                                           ADCR2   EQU     0X1EA  ;
                                           ADDRH   EQU     0X1EC  ;
                                           ADDRL   EQU     0X1ED  ;
                                           
                                           OPCR0   EQU     0X1F0  ;
                                           OPCR1   EQU     0X1F1  ;
                                           LCDCR0  EQU     0X1F2  ;
                                           LCDCR1  EQU     0X1F3  ;
                                           DKW     EQU     0X1F4  ;
                                           KBCR    EQU     0X1F5  ;
                                           LCDDRV  EQU     0X1F6  ;
                                           
                                           ;PFLAG
                                           #define         Z			PFLAG,2
                                           #define         DC		PFLAG,1
                                           #define         C			PFLAG,0
                                           
                                           ;int 
                                           #define         GIE       MCR,7
                                           #define         TO        MCR,5
                                           #define         PD        MCR,4
                                           #define         MINT11		MCR,3
                                           #define         MINT10		MCR,2
                                           #define         MINT01		MCR,1
                                           #define         MINT00		MCR,0
                                             
                                           
                                           ;INTE
                                           ; 1=enable, 0=disable
                                           #define         ADIE    INTE,7
                                           #define         LVDIE   INTE,5
                                           #define         KBIE    INTE,4
                                           #define         INT1IE  INTE,3
                                           #define         INT0IE  INTE,2
                                           #define         T1IE    INTE,1
                                           #define         T0IE    INTE,0
                                           
                                           ;INTFLAG
                                           ;1=active ,
                                           #define         ADIF    INTFLAG,7 
                                           #define         T0RF    INTFLAG,6
                                           #define         LVDIF   INTFLAG,5
                                           #define         KBIF    INTFLAG,4
                                           #define         INT1IF  INTFLAG,3
                                           #define         INT0IF  INTFLAG,2
                                           #define         T1IF    INTFLAG,1
                                           #define         T0IF    INTFLAG,0
                                           
                                           
                                           ;-------------------------------------------------------
                                           ;timer0
                                           ;----------------------------
                                           ;T0CR0
                                           #define			TC0EN				T0CR0,7
                                           #define 		T0MOD1			T0CR0,6
                                           #define			T0MOD0			T0CR0,5
                                           #define 		T0PTS1			T0CR0,4
                                           #define			T0PTS0			T0CR0,3
                                           #define 		T0PR2 			T0CR0,2
                                           #define			T0PR1				T0CR0,1
                                           #define 		T0PR0 			T0CR0,0
                                           ;T0CR1
                                           #define			FPWMEN 			T0CR1,7
                                           #define 		PWMEN  			T0CR1,6
                                           #define			PWMOS 			T0CR1,5
                                           #define 		FPWMS 			T0CR1,4
                                           #define			FPWMA1			T0CR1,3
                                           #define 		FPWMA0 			T0CR1,2
                                           #define			FPWMB1			T0CR1,1
                                           #define 		FPWMB0 			T0CR1,0
                                           
                                           ;-------------------------------------------------------
                                           ;timer1
                                           ;----------------------------
                                           ;T1CR
                                           #define			TC1EN 			T1CR,7
                                           #define 		T1MOD1 			T1CR,6
                                           #define			T1MOD0 			T1CR,5
                                           #define 		T1PTS1 			T1CR,4
                                           #define			T1PTS0			T1CR,3
                                           #define 		T1PR2 			T1CR,2
                                           #define			T1PR1 			T1CR,1
                                           #define 		T1PR0 			T1CR,0
                                           
                                           
                                           ;DKW
                                           #define					DKWE		DKW,7
                                           #define					IROS  	DKW,6
                                           #define					IROT  	DKW,5
                                           #define					WSEL1		DKW,4
                                           #define					WSEL0 	DKW,3
                                           #define					RSEL  	DKW,2
                                           #define					DRVS  	DKW,1
                                           #define					DSELEN	DKW,0
                                           
                                           ;LCDCR0
                                           #define					LCDEN		LCDCR0,7
                                           #define					LCDSP1	LCDCR0,6
                                           #define					LCDSP0	LCDCR0,5
                                           #define					LCDDUTY	LCDCR0,4
                                           #define					VLCDS		LCDCR0,3
                                           #define					LCDSPEED		LCDCR0,2
                                           #define					LCDRS1	LCDCR0,1
                                           #define					LCDRS0		LCDCR0,0
                                           
                                           ;ADCR0
                                           #define					ADCHS3		ADCR0,7
                                           #define					ADCHS2  	ADCR0,6
                                           #define					ADCHS1  	ADCR0,5
                                           #define					ADCHS0		ADCR0,4
                                           #define					ADCKS1 		ADCR0,3
                                           #define					ADCKS0  	ADCR0,2
                                           #define					ADEOC  		ADCR0,1
                                           #define					ADON			ADCR0,0
                                           
                                           ;ADCR1
                                           #define					ADIOS7		ADCR1,7
                                           #define					ADIOS6  	ADCR1,6
                                           #define					ADIOS5  	ADCR1,5
                                           #define					ADIOS4		ADCR1,4
                                           #define					ADIOS3 		ADCR1,3
                                           #define					ADIOS2  	ADCR1,2
                                           #define					ADIOS1 		ADCR1,1
                                           #define					ADIOS0		ADCR1,0
                                           
                                           ;ADCR2
                                           #define					VREF  		ADCR2,6
                                           #define					VLDOSL1  	ADCR2,5
                                           #define					VLDOSL0		ADCR2,4
                                           #define					TPS1			ADCR2,3
                                           #define					TPS0		  ADCR2,2
                                           #define					VREFRES 	ADCR2,1
                                           #define					VREXT			ADCR2,0
                                           
                                           ;IOP0
                                           #define					IOP07		IOP0,7
                                           #define					IOP06  	IOP0,6
                                           #define					IOP05  	IOP0,5
                                           #define					IOP04		IOP0,4
                                           #define					IOP03 	IOP0,3
                                           #define					IOP02  	IOP0,2
                                           #define					IOP01 	IOP0,1
                                           #define					IOP00		IOP0,0
                                           
                                           ;IOP1
                                           #define					IOP17		IOP1,7
                                           #define					IOP16  	IOP1,6
                                           #define					IOP15  	IOP1,5
                                           #define					IOP14		IOP1,4
                                           #define					IOP13 	IOP1,3
                                           #define					IOP12  	IOP1,2
                                           #define					IOP11 	IOP1,1
                                           #define					IOP10		IOP1,0
                                           
                                           ;IOP2
                                           #define					IOP27		IOP2,7
                                           #define					IOP26  	IOP2,6
                                           #define					IOP25  	IOP2,5
                                           #define					IOP24		IOP2,4
                                           #define					IOP23 	IOP2,3
                                           #define					IOP22  	IOP2,2
                                           #define					IOP21 	IOP2,1
                                           #define					IOP20		IOP2,0
                                           
                                           ;IOP3
                                           #define					IOP37		IOP3,7
                                           #define					IOP36  	IOP3,6
                                           #define					IOP35  	IOP3,5
                                           #define					IOP34		IOP3,4
                                           #define					IOP33 	IOP3,3
                                           #define					IOP32  	IOP3,2
                                           #define					IOP31 	IOP3,1
                                           #define					IOP30		IOP3,0
                                                        
                                           ;IOP4
                                           #define					IOP47		IOP4,7
                                           #define					IOP46  	IOP4,6
                                           #define					IOP45  	IOP4,5
                                           #define					IOP44		IOP4,4
                                           #define					IOP43 	IOP4,3
                                           #define					IOP42  	IOP4,2
                                           #define					IOP41 	IOP4,1
                                           #define					IOP40		IOP4,0
                                           
                                           ;IOP5
                                           #define					IOP55  	IOP5,5
                                           #define					IOP54		IOP5,4
                                           #define					IOP53 	IOP5,3
                                           #define					IOP52  	IOP5,2
                                           #define					IOP51 	IOP5,1
                                           #define					IOP50		IOP5,0
                                           
                                           ;OSCM
                                           #define					STBL  	OSCM,5
                                           #define					STBH		OSCM,4
                                           #define					CLKS  	OSCM,2
                                           #define					LFEN 		OSCM,1
                                           #define					HFEN		OSCM,0
                                           
                                           end_addr    equ   0x00
                                           goal_data   equ   0x01
                                           rw_data     equ   0x02
                                           rw_addr     equ   0x03
                                           
                                           rw_addr     equ   0x03
                                           
                                           
                                           
                                                   org     0x00
000000   a00a     goto    0xa                      goto    start
                                                   org 0x08
                                           inte:	
000008   0000     nop                              NOP 
000009   a008     goto    0x8               	goto    inte      
                                                  
                                           start:
00000a   0000     nop                             fill    0x00,0x108
00000b   0000     nop                      
00000c   0000     nop                      
00000d   0000     nop                      
00000e   0000     nop                      
00000f   0000     nop                      
000010   0000     nop                      
000011   0000     nop                      
000012   0000     nop                      
000013   0000     nop                      
000014   0000     nop                      
000015   0000     nop                      
000016   0000     nop                      
000017   0000     nop                      
000018   0000     nop                      
000019   0000     nop                      
00001a   0000     nop                      
00001b   0000     nop                      
00001c   0000     nop                      
00001d   0000     nop                      
00001e   0000     nop                      
00001f   0000     nop                      
000020   0000     nop                      
000021   0000     nop                      
000022   0000     nop                      
000023   0000     nop                      
000024   0000     nop                      
000025   0000     nop                      
000026   0000     nop                      
000027   0000     nop                      
000028   0000     nop                      
000029   0000     nop                      
00002a   0000     nop                      
00002b   0000     nop                      
00002c   0000     nop                      
00002d   0000     nop                      
00002e   0000     nop                      
00002f   0000     nop                      
000030   0000     nop                      
000031   0000     nop                      
000032   0000     nop                      
000033   0000     nop                      
000034   0000     nop                      
000035   0000     nop                      
000036   0000     nop                      
000037   0000     nop                      
000038   0000     nop                      
000039   0000     nop                      
00003a   0000     nop                      
00003b   0000     nop                      
00003c   0000     nop                      
00003d   0000     nop                      
00003e   0000     nop                      
00003f   0000     nop                      
000040   0000     nop                      
000041   0000     nop                      
000042   0000     nop                      
000043   0000     nop                      
000044   0000     nop                      
000045   0000     nop                      
000046   0000     nop                      
000047   0000     nop                      
000048   0000     nop                      
000049   0000     nop                      
00004a   0000     nop                      
00004b   0000     nop                      
00004c   0000     nop                      
00004d   0000     nop                      
00004e   0000     nop                      
00004f   0000     nop                      
000050   0000     nop                      
000051   0000     nop                      
000052   0000     nop                      
000053   0000     nop                      
000054   0000     nop                      
000055   0000     nop                      
000056   0000     nop                      
000057   0000     nop                      
000058   0000     nop                      
000059   0000     nop                      
00005a   0000     nop                      
00005b   0000     nop                      
00005c   0000     nop                      
00005d   0000     nop                      
00005e   0000     nop                      
00005f   0000     nop                      
000060   0000     nop                      
000061   0000     nop                      
000062   0000     nop                      
000063   0000     nop                      
000064   0000     nop                      
000065   0000     nop                      
000066   0000     nop                      
000067   0000     nop                      
000068   0000     nop                      
000069   0000     nop                      
00006a   0000     nop                      
00006b   0000     nop                      
00006c   0000     nop                      
00006d   0000     nop                      
00006e   0000     nop                      
00006f   0000     nop                      
000070   0000     nop                      
000071   0000     nop                      
000072   0000     nop                      
000073   0000     nop                      
000074   0000     nop                      
000075   0000     nop                      
000076   0000     nop                      
000077   0000     nop                      
000078   0000     nop                      
000079   0000     nop                      
00007a   0000     nop                      
00007b   0000     nop                      
00007c   0000     nop                      
00007d   0000     nop                      
00007e   0000     nop                      
00007f   0000     nop                      
000080   0000     nop                      
000081   0000     nop                      
000082   0000     nop                      
000083   0000     nop                      
000084   0000     nop                      
000085   0000     nop                      
000086   0000     nop                      
000087   0000     nop                      
000088   0000     nop                      
000089   0000     nop                      
00008a   0000     nop                      
00008b   0000     nop                      
00008c   0000     nop                      
00008d   0000     nop                      
00008e   0000     nop                      
00008f   0000     nop                      
000090   0000     nop                      
000091   0000     nop                      
000092   0000     nop                      
000093   0000     nop                      
000094   0000     nop                      
000095   0000     nop                      
000096   0000     nop                      
000097   0000     nop                      
000098   0000     nop                      
000099   0000     nop                      
00009a   0000     nop                      
00009b   0000     nop                      
00009c   0000     nop                      
00009d   0000     nop                      
00009e   0000     nop                      
00009f   0000     nop                      
0000a0   0000     nop                      
0000a1   0000     nop                      
0000a2   0000     nop                      
0000a3   0000     nop                      
0000a4   0000     nop                      
0000a5   0000     nop                      
0000a6   0000     nop                      
0000a7   0000     nop                      
0000a8   0000     nop                      
0000a9   0000     nop                      
0000aa   0000     nop                      
0000ab   0000     nop                      
0000ac   0000     nop                      
0000ad   0000     nop                      
0000ae   0000     nop                      
0000af   0000     nop                      
0000b0   0000     nop                      
0000b1   0000     nop                      
0000b2   0000     nop                      
0000b3   0000     nop                      
0000b4   0000     nop                      
0000b5   0000     nop                      
0000b6   0000     nop                      
0000b7   0000     nop                      
0000b8   0000     nop                      
0000b9   0000     nop                      
0000ba   0000     nop                      
0000bb   0000     nop                      
0000bc   0000     nop                      
0000bd   0000     nop                      
0000be   0000     nop                      
0000bf   0000     nop                      
0000c0   0000     nop                      
0000c1   0000     nop                      
0000c2   0000     nop                      
0000c3   0000     nop                      
0000c4   0000     nop                      
0000c5   0000     nop                      
0000c6   0000     nop                      
0000c7   0000     nop                      
0000c8   0000     nop                      
0000c9   0000     nop                      
0000ca   0000     nop                      
0000cb   0000     nop                      
0000cc   0000     nop                      
0000cd   0000     nop                      
0000ce   0000     nop                      
0000cf   0000     nop                      
0000d0   0000     nop                      
0000d1   0000     nop                      
0000d2   0000     nop                      
0000d3   0000     nop                      
0000d4   0000     nop                      
0000d5   0000     nop                      
0000d6   0000     nop                      
0000d7   0000     nop                      
0000d8   0000     nop                      
0000d9   0000     nop                      
0000da   0000     nop                      
0000db   0000     nop                      
0000dc   0000     nop                      
0000dd   0000     nop                      
0000de   0000     nop                      
0000df   0000     nop                      
0000e0   0000     nop                      
0000e1   0000     nop                      
0000e2   0000     nop                      
0000e3   0000     nop                      
0000e4   0000     nop                      
0000e5   0000     nop                      
0000e6   0000     nop                      
0000e7   0000     nop                      
0000e8   0000     nop                      
0000e9   0000     nop                      
0000ea   0000     nop                      
0000eb   0000     nop                      
0000ec   0000     nop                      
0000ed   0000     nop                      
0000ee   0000     nop                      
0000ef   0000     nop                      
0000f0   0000     nop                      
0000f1   0000     nop                      
0000f2   0000     nop                      
0000f3   0000     nop                      
0000f4   0000     nop                      
0000f5   0000     nop                      
0000f6   0000     nop                      
0000f7   0000     nop                      
0000f8   0000     nop                      
0000f9   0000     nop                      
0000fa   0000     nop                      
0000fb   0000     nop                      
0000fc   0000     nop                      
0000fd   0000     nop                      
0000fe   0000     nop                      
0000ff   0000     nop                      
000100   0000     nop                      
000101   0000     nop                      
000102   0000     nop                      
000103   0000     nop                      
000104   0000     nop                      
000105   0000     nop                      
000106   0000     nop                      
000107   0000     nop                      
000108   0000     nop                      
000109   0000     nop                      
00010a   0000     nop                      
00010b   0000     nop                      
00010c   0000     nop                      
00010d   0000     nop                      
00010e   0000     nop                      
00010f   0000     nop                      
000110   0000     nop                      
000111   0000     nop                      
000112   816c     call    0x16c                   call    io_init
                                           loop:
000113   3c04     movai   0x4                     movai   0x04
000114   5603     movra   0x3                     movra   rw_addr
000115   3cff     movai   0xff                    movai   0xff
000116   5600     movra   0                       movra   end_addr  
000117   3c55     movai   0x55                    movai   0x55
000118   5602     movra   0x2                     movra   rw_data  
000119   8171     call    0x171                   call    ram_write0
00011a   3c55     movai   0x55                    movai   0x55
00011b   5601     movra   0x1                     movra   goal_data
00011c   3c04     movai   0x4                     movai   0x04
00011d   5603     movra   0x3                     movra   rw_addr
00011e   3cff     movai   0xff                    movai   0xff
00011f   5600     movra   0                       movra   end_addr  
000120   8191     call    0x191                   call    ram_read0 
                                           
000121   3c04     movai   0x4                     movai   0x04
000122   5603     movra   0x3                     movra   rw_addr
000123   3cff     movai   0xff                    movai   0xff
000124   5600     movra   0                       movra   end_addr  
000125   3caa     movai   0xaa                    movai   0xaa
000126   5602     movra   0x2                     movra   rw_data  
000127   8171     call    0x171                   call    ram_write0
000128   3caa     movai   0xaa                    movai   0xaa
000129   5601     movra   0x1                     movra   goal_data
00012a   3c04     movai   0x4                     movai   0x04
00012b   5603     movra   0x3                     movra   rw_addr
00012c   3cff     movai   0xff                    movai   0xff
00012d   5600     movra   0                       movra   end_addr  
00012e   8191     call    0x191                   call    ram_read0 
                                           ;;;;;;;;;;;;;;;;;;;;;;;;;;;       
00012f   3c00     movai   0                       movai   0x00
000130   5603     movra   0x3                     movra   rw_addr
000131   3c1d     movai   0x1d                    movai   0x1d
000132   5600     movra   0                       movra   end_addr  
000133   3c15     movai   0x15                    movai   0x15
000134   5602     movra   0x2                     movra   rw_data  
000135   817b     call    0x17b                   call    ram_write1
000136   3c15     movai   0x15                    movai   0x15
000137   5601     movra   0x1                     movra   goal_data
000138   3c00     movai   0                       movai   0x00
000139   5603     movra   0x3                     movra   rw_addr
00013a   3c1d     movai   0x1d                    movai   0x1d
00013b   5600     movra   0                       movra   end_addr  
00013c   819d     call    0x19d                   call    ram_read1 
                                           
00013d   3c00     movai   0                       movai   0x00
00013e   5603     movra   0x3                     movra   rw_addr
00013f   3c1d     movai   0x1d                    movai   0x1d
000140   5600     movra   0                       movra   end_addr  
000141   3c1a     movai   0x1a                    movai   0x1a
000142   5602     movra   0x2                     movra   rw_data  
000143   817b     call    0x17b                   call    ram_write1
000144   3c1a     movai   0x1a                    movai   0x1a
000145   5601     movra   0x1                     movra   goal_data
000146   3c00     movai   0                       movai   0x00
000147   5603     movra   0x3                     movra   rw_addr
000148   3c1d     movai   0x1d                    movai   0x1d
000149   5600     movra   0                       movra   end_addr  
00014a   819d     call    0x19d                   call    ram_read1 
                                           ;;;;;;;;;;;;;;;;;;;;;;;;;;; 
00014b   3c00     movai   0                       movai   0x00
00014c   5603     movra   0x3                     movra   rw_addr
00014d   3cff     movai   0xff                    movai   0xff
00014e   5600     movra   0                       movra   end_addr  
00014f   3c55     movai   0x55                    movai   0x55
000150   5602     movra   0x2                     movra   rw_data  
000151   8185     call    0x185                   call    ram_write2
000152   3c55     movai   0x55                    movai   0x55
000153   5601     movra   0x1                     movra   goal_data
000154   3c00     movai   0                       movai   0x00
000155   5603     movra   0x3                     movra   rw_addr
000156   3cff     movai   0xff                    movai   0xff
000157   5600     movra   0                       movra   end_addr  
000158   81a9     call    0x1a9                   call    ram_read2 
                                           
000159   3c00     movai   0                       movai   0x00
00015a   5603     movra   0x3                     movra   rw_addr
00015b   3cff     movai   0xff                    movai   0xff
00015c   5600     movra   0                       movra   end_addr  
00015d   3caa     movai   0xaa                    movai   0xaa
00015e   5602     movra   0x2                     movra   rw_data  
00015f   8185     call    0x185                   call    ram_write2
000160   3caa     movai   0xaa                    movai   0xaa
000161   5601     movra   0x1                     movra   goal_data
000162   3c00     movai   0                       movai   0x00
000163   5603     movra   0x3                     movra   rw_addr
000164   3cff     movai   0xff                    movai   0xff
000165   5600     movra   0                       movra   end_addr  
000166   81a9     call    0x1a9                   call    ram_read2 
                                           ;;;;;;;;;;;;;;;;;;;;;;;;;;; 
                                                
                                                  
                                           ok_loop:   
000167   c9c4     bset    0x1c4, 0x4              bset    IOP1,4
000168   0000     nop                             NOP
000169   0000     nop                             nop
00016a   d9c4     bclr    0x1c4, 0x4              bclr    IOP1,4
00016b   a167     goto    0x167                   goto    ok_loop
                                           
                                           io_init:       
00016c   3cff     movai   0xff                    movai   0xff
00016d   57c4     movra   0x1c4                   movra   IOP1
00016e   57c6     movra   0x1c6                   movra   PUP1
00016f   57c5     movra   0x1c5                   movra   OEP1 
000170   000c     return                          return
                                                  
                                           ram_write0: 
000171   5803     movar   0x3                     movar   rw_addr
000172   4800     rsubar  0                       rsubar  end_addr
000173   f5b7     jbclr   0x1b7, 0x2              jbclr   Z
000174   000c     return                          return
000175   5803     movar   0x3                     movar   rw_addr
000176   57b4     movra   0x1b4                   movra   FSR0
000177   5802     movar   0x2                     movar   rw_data
000178   57b0     movra   0x1b0                   movra   INDF0 
000179   6603     incr    0x3                     incr    rw_addr
00017a   a171     goto    0x171                   goto    ram_write0       
                                           
                                           ram_write1: 
00017b   5803     movar   0x3                     movar   rw_addr
00017c   4800     rsubar  0                       rsubar  end_addr
00017d   f5b7     jbclr   0x1b7, 0x2              jbclr   Z
00017e   000c     return                          return
00017f   5803     movar   0x3                     movar   rw_addr
000180   57b5     movra   0x1b5                   movra   FSR1
000181   5802     movar   0x2                     movar   rw_data
000182   57b1     movra   0x1b1                   movra   INDF1 
000183   6603     incr    0x3                     incr    rw_addr
000184   a17b     goto    0x17b                   goto    ram_write1 
                                                  
                                           ram_write2: 
000185   5803     movar   0x3                     movar   rw_addr
000186   4800     rsubar  0                       rsubar  end_addr
000187   f5b7     jbclr   0x1b7, 0x2              jbclr   Z
000188   000c     return                          return
000189   5803     movar   0x3                     movar   rw_addr
00018a   57b4     movra   0x1b4                   movra   FSR0
00018b   3c02     movai   0x2                     movai   0x02
00018c   57b5     movra   0x1b5                   movra   FSR1
00018d   5802     movar   0x2                     movar   rw_data
00018e   57b2     movra   0x1b2                   movra   INDF2 
00018f   6603     incr    0x3                     incr    rw_addr
000190   a185     goto    0x185                   goto    ram_write2        
                                                  
                                           ram_read0:
000191   5803     movar   0x3                     movar   rw_addr
000192   4800     rsubar  0                       rsubar  end_addr
000193   f5b7     jbclr   0x1b7, 0x2              jbclr   Z
000194   000c     return                          return
000195   5803     movar   0x3                     movar   rw_addr
000196   57b4     movra   0x1b4                   movra   FSR0
000197   59b0     movar   0x1b0                   movar   INDF0 
000198   4801     rsubar  0x1                     rsubar  goal_data
000199   e5b7     jbset   0x1b7, 0x2              jbset   Z
00019a   a1b7     goto    0x1b7                   goto    data_error
00019b   6603     incr    0x3                     incr    rw_addr
00019c   a191     goto    0x191                   goto    ram_read0 
                                           
                                           ram_read1:
00019d   5803     movar   0x3                     movar   rw_addr
00019e   4800     rsubar  0                       rsubar  end_addr
00019f   f5b7     jbclr   0x1b7, 0x2              jbclr   Z
0001a0   000c     return                          return
0001a1   5803     movar   0x3                     movar   rw_addr
0001a2   57b5     movra   0x1b5                   movra   FSR1
0001a3   59b1     movar   0x1b1                   movar   INDF1 
0001a4   4801     rsubar  0x1                     rsubar  goal_data
0001a5   e5b7     jbset   0x1b7, 0x2              jbset   Z
0001a6   a1b7     goto    0x1b7                   goto    data_error
0001a7   6603     incr    0x3                     incr    rw_addr
0001a8   a19d     goto    0x19d                   goto    ram_read1 
                                           
                                           ram_read2:
0001a9   5803     movar   0x3                     movar   rw_addr
0001aa   4800     rsubar  0                       rsubar  end_addr
0001ab   f5b7     jbclr   0x1b7, 0x2              jbclr   Z
0001ac   000c     return                          return
0001ad   5803     movar   0x3                     movar   rw_addr
0001ae   57b4     movra   0x1b4                   movra   FSR0
0001af   3c02     movai   0x2                     movai   0x02
0001b0   57b5     movra   0x1b5                   movra   FSR1
0001b1   59b2     movar   0x1b2                   movar   INDF2 
0001b2   4801     rsubar  0x1                     rsubar  goal_data
0001b3   e5b7     jbset   0x1b7, 0x2              jbset   Z
0001b4   a1b7     goto    0x1b7                   goto    data_error
0001b5   6603     incr    0x3                     incr    rw_addr
0001b6   a1a9     goto    0x1a9                   goto    ram_read2 
                                                  
                                           data_error:
0001b7   cbc4     bset    0x1c4, 0x5              bset    IOP1,5
0001b8   0000     nop                             NOP
0001b9   0000     nop                             nop
0001ba   dbc4     bclr    0x1c4, 0x5              bclr    IOP1,5
0001bb   a1b7     goto    0x1b7                   goto    data_error
                                           
                                           
                                                  org 0x0ffe
                                           inte1:  	
000ffe   0000     nop                              NOP 
000fff   affe     goto    0xffe            	goto    inte1          
                                                  end
                                           
                                                   


MEMORY USAGE MAP ('X' = Used,  '-' = Unused)

0000 : XX-------------- XXXXXXXXXXXXXXXX XXXXXXXXXXXXXXXX XXXXXXXXXXXXXXXX
0040 : XXXXXXXXXXXXXXXX XXXXXXXXXXXXXXXX XXXXXXXXXXXXXXXX XXXXXXXXXXXXXXXX
0080 : XXXXXXXXXXXXXXXX XXXXXXXXXXXXXXXX XXXXXXXXXXXXXXXX XXXXXXXXXXXXXXXX
00C0 : XXXXXXXXXXXXXXXX XXXXXXXXXXXXXXXX XXXXXXXXXXXXXXXX XXXXXXXXXXXXXXXX
0100 : XXXXXXXXXXXXXXXX XXXXXXXXXXXXXXXX XXXXXXXXXXXXXXXX XXXXXXXXXXXXXXXX
0140 : XXXXXXXXXXXXXXXX XXXXXXXXXXXXXXXX XXXXXXXXXXXXXXXX XXXXXXXXXXXXXXXX
0180 : XXXXXXXXXXXXXXXX XXXXXXXXXXXXXXXX XXXXXXXXXXXXXXXX XXXXXXXXXXXXXXXX
01C0 : XXXXXXXXXXXXXXXX XXXXXXXXXXXXXXXX XXXXXXXXXXXXXXXX XXXXXXXXXXXXXXXX
0200 : XXXXXXXXXXXXXXXX XXXXXXXXXXXXXXXX XXXXXXXXXXXXXXXX XXXXXXXXXXXXXXXX
0240 : XXXXXXXXXXXXXXXX XXXXXXXXXXXXXXXX XXXXXXXXXXXXXXXX XXXXXXXXXXXXXXXX
0280 : XXXXXXXXXXXXXXXX XXXXXXXXXXXXXXXX XXXXXXXXXXXXXXXX XXXXXXXXXXXXXXXX
02C0 : XXXXXXXXXXXXXXXX XXXXXXXXXXXXXXXX XXXXXXXXXXXXXXXX XXXXXXXXXXXXXXXX
0300 : XXXXXXXXXXXXXXXX XXXXXXXXXXXXXXXX XXXXXXXXXXXXXXXX XXXXXXXXXXXXXXXX
0340 : XXXXXXXXXXXXXXXX XXXXXXXXXXXXXXXX XXXXXXXXXXXXXXXX XXXXXXXX--------
1FC0 : ---------------- ---------------- ---------------- ------------XXXX

All other memory blocks unused.

Program Memory Words Used:   439

